{"timestamp":"2026-04-30T19:19:21.930283Z","level":"info","event":"Filling up the DagBag from /opt/airflow/dags/starter_dag.py","logger":"airflow.models.dagbag.DagBag","filename":"dagbag.py","lineno":593}
{"timestamp":"2026-04-30T19:19:58.928502Z","level":"info","event":"Filling up the DagBag from /opt/airflow/dags/starter_dag.py","logger":"airflow.models.dagbag.DagBag","filename":"dagbag.py","lineno":593}
{"timestamp":"2026-04-30T19:20:31.915436Z","level":"info","event":"Filling up the DagBag from /opt/airflow/dags/starter_dag.py","logger":"airflow.models.dagbag.DagBag","filename":"dagbag.py","lineno":593}
{"timestamp":"2026-04-30T19:21:05.190972Z","level":"info","event":"Filling up the DagBag from /opt/airflow/dags/starter_dag.py","logger":"airflow.models.dagbag.DagBag","filename":"dagbag.py","lineno":593}
{"timestamp":"2026-04-30T19:21:36.641415Z","level":"info","event":"Filling up the DagBag from /opt/airflow/dags/starter_dag.py","logger":"airflow.models.dagbag.DagBag","filename":"dagbag.py","lineno":593}
{"timestamp":"2026-04-30T19:22:07.600976Z","level":"info","event":"Filling up the DagBag from /opt/airflow/dags/starter_dag.py","logger":"airflow.models.dagbag.DagBag","filename":"dagbag.py","lineno":593}
{"timestamp":"2026-04-30T19:22:38.540394Z","level":"info","event":"Filling up the DagBag from /opt/airflow/dags/starter_dag.py","logger":"airflow.models.dagbag.DagBag","filename":"dagbag.py","lineno":593}
{"timestamp":"2026-04-30T19:31:14.384267Z","level":"info","event":"Filling up the DagBag from /opt/airflow/dags/starter_dag.py","logger":"airflow.models.dagbag.DagBag","filename":"dagbag.py","lineno":593}
{"timestamp":"2026-04-30T19:31:47.579445Z","level":"info","event":"Filling up the DagBag from /opt/airflow/dags/starter_dag.py","logger":"airflow.models.dagbag.DagBag","filename":"dagbag.py","lineno":593}
{"timestamp":"2026-04-30T19:32:18.808795Z","level":"info","event":"Filling up the DagBag from /opt/airflow/dags/starter_dag.py","logger":"airflow.models.dagbag.DagBag","filename":"dagbag.py","lineno":593}
{"timestamp":"2026-04-30T19:32:50.144092Z","level":"info","event":"Filling up the DagBag from /opt/airflow/dags/starter_dag.py","logger":"airflow.models.dagbag.DagBag","filename":"dagbag.py","lineno":593}
{"timestamp":"2026-04-30T19:33:20.925462Z","level":"info","event":"Filling up the DagBag from /opt/airflow/dags/starter_dag.py","logger":"airflow.models.dagbag.DagBag","filename":"dagbag.py","lineno":593}
{"timestamp":"2026-04-30T19:33:52.263258Z","level":"info","event":"Filling up the DagBag from /opt/airflow/dags/starter_dag.py","logger":"airflow.models.dagbag.DagBag","filename":"dagbag.py","lineno":593}
{"timestamp":"2026-04-30T19:34:23.183016Z","level":"info","event":"Filling up the DagBag from /opt/airflow/dags/starter_dag.py","logger":"airflow.models.dagbag.DagBag","filename":"dagbag.py","lineno":593}
{"timestamp":"2026-04-30T19:34:54.634394Z","level":"info","event":"Filling up the DagBag from /opt/airflow/dags/starter_dag.py","logger":"airflow.models.dagbag.DagBag","filename":"dagbag.py","lineno":593}
{"timestamp":"2026-04-30T19:35:30.457317Z","level":"info","event":"Filling up the DagBag from /opt/airflow/dags/starter_dag.py","logger":"airflow.models.dagbag.DagBag","filename":"dagbag.py","lineno":593}
{"timestamp":"2026-04-30T19:36:00.457030Z","level":"error","event":"Process timed out, PID: 437","logger":"airflow.models.dagbag","filename":"dagbag.py","lineno":134}
{"timestamp":"2026-04-30T19:36:00.465424Z","level":"error","event":"Exception ignored in: <function WeakSet.__init__.<locals>._remove at 0xffff921c58a0>","logger":"task.stderr"}
{"timestamp":"2026-04-30T19:36:00.465802Z","level":"error","event":"Traceback (most recent call last):","logger":"task.stderr"}
{"timestamp":"2026-04-30T19:36:00.467609Z","level":"error","event":"  File \"/usr/python/lib/python3.12/_weakrefset.py\", line 39, in _remove","logger":"task.stderr"}
{"timestamp":"2026-04-30T19:36:00.470026Z","level":"error","event":"    def _remove(item, selfref=ref(self)):","logger":"task.stderr"}
{"timestamp":"2026-04-30T19:36:00.470917Z","level":"error","event":"","logger":"task.stderr"}
{"timestamp":"2026-04-30T19:36:00.475927Z","level":"error","event":"  File \"/home/airflow/.local/lib/python3.12/site-packages/airflow/models/dagbag.py\", line 135, in handle_timeout","logger":"task.stderr"}
{"timestamp":"2026-04-30T19:36:00.481234Z","level":"error","event":"    raise AirflowTaskTimeout(error_message)","logger":"task.stderr"}
{"timestamp":"2026-04-30T19:36:00.482071Z","level":"error","event":"airflow.exceptions.AirflowTaskTimeout: DagBag import timeout for /opt/airflow/dags/starter_dag.py after 30.0s.","logger":"task.stderr"}
{"timestamp":"2026-04-30T19:36:00.482219Z","level":"error","event":"Please take a look at these docs to improve your DAG import time:","logger":"task.stderr"}
{"timestamp":"2026-04-30T19:36:00.482343Z","level":"error","event":"* https://airflow.apache.org/docs/apache-airflow/3.1.3/best-practices.html#top-level-python-code","logger":"task.stderr"}
{"timestamp":"2026-04-30T19:36:00.483909Z","level":"error","event":"* https://airflow.apache.org/docs/apache-airflow/3.1.3/best-practices.html#reducing-dag-complexity, PID: 437","logger":"task.stderr"}
{"timestamp":"2026-04-30T19:36:33.066653Z","level":"info","event":"Filling up the DagBag from /opt/airflow/dags/starter_dag.py","logger":"airflow.models.dagbag.DagBag","filename":"dagbag.py","lineno":593}
{"timestamp":"2026-04-30T19:37:11.219616Z","level":"error","event":"Process timed out, PID: 481","logger":"airflow.models.dagbag","filename":"dagbag.py","lineno":134}
{"timestamp":"2026-04-30T19:37:12.116879Z","level":"error","event":"Failed to import: /opt/airflow/dags/starter_dag.py","logger":"airflow.models.dagbag.DagBag","filename":"dagbag.py","lineno":415,"error_detail":[{"exc_type":"AirflowTaskTimeout","exc_value":"DagBag import timeout for /opt/airflow/dags/starter_dag.py after 30.0s.\nPlease take a look at these docs to improve your DAG import time:\n* https://airflow.apache.org/docs/apache-airflow/3.1.3/best-practices.html#top-level-python-code\n* https://airflow.apache.org/docs/apache-airflow/3.1.3/best-practices.html#reducing-dag-complexity, PID: 481","exc_notes":[],"syntax_error":null,"is_cause":false,"frames":[{"filename":"/home/airflow/.local/lib/python3.12/site-packages/airflow/models/dagbag.py","lineno":405,"name":"parse"},{"filename":"<frozen importlib._bootstrap_external>","lineno":999,"name":"exec_module"},{"filename":"<frozen importlib._bootstrap>","lineno":488,"name":"_call_with_frames_removed"},{"filename":"/opt/airflow/dags/starter_dag.py","lineno":16,"name":"<module>"},{"filename":"/opt/airflow/dags/utils.py","lineno":4,"name":"<module>"},{"filename":"/home/airflow/.local/lib/python3.12/site-packages/dotenv/__init__.py","lineno":3,"name":"<module>"},{"filename":"/home/airflow/.local/lib/python3.12/site-packages/dotenv/main.py","lineno":13,"name":"<module>"},{"filename":"/home/airflow/.local/lib/python3.12/site-packages/dotenv/parser.py","lineno":14,"name":"<module>"},{"filename":"/usr/python/lib/python3.12/typing.py","lineno":395,"name":"inner"},{"filename":"/usr/python/lib/python3.12/typing.py","lineno":1483,"name":"__getitem__"},{"filename":"/usr/python/lib/python3.12/typing.py","lineno":1486,"name":"copy_with"},{"filename":"/usr/python/lib/python3.12/typing.py","lineno":1270,"name":"__init__"},{"filename":"/usr/python/lib/python3.12/typing.py","lineno":1177,"name":"__init__"},{"filename":"/usr/python/lib/python3.12/typing.py","lineno":1215,"name":"__setattr__"},{"filename":"/home/airflow/.local/lib/python3.12/site-packages/airflow/models/dagbag.py","lineno":135,"name":"handle_timeout"}],"is_group":false,"exceptions":[]}]}
