{"timestamp":"2026-04-30T19:19:21.450578Z","level":"info","event":"Filling up the DagBag from /opt/airflow/dags/utils.py","logger":"airflow.models.dagbag.DagBag","filename":"dagbag.py","lineno":593}
{"timestamp":"2026-04-30T19:19:58.929535Z","level":"info","event":"Filling up the DagBag from /opt/airflow/dags/utils.py","logger":"airflow.models.dagbag.DagBag","filename":"dagbag.py","lineno":593}
{"timestamp":"2026-04-30T19:20:31.914853Z","level":"info","event":"Filling up the DagBag from /opt/airflow/dags/utils.py","logger":"airflow.models.dagbag.DagBag","filename":"dagbag.py","lineno":593}
{"timestamp":"2026-04-30T19:21:05.164062Z","level":"info","event":"Filling up the DagBag from /opt/airflow/dags/utils.py","logger":"airflow.models.dagbag.DagBag","filename":"dagbag.py","lineno":593}
{"timestamp":"2026-04-30T19:21:36.628009Z","level":"info","event":"Filling up the DagBag from /opt/airflow/dags/utils.py","logger":"airflow.models.dagbag.DagBag","filename":"dagbag.py","lineno":593}
{"timestamp":"2026-04-30T19:22:07.599429Z","level":"info","event":"Filling up the DagBag from /opt/airflow/dags/utils.py","logger":"airflow.models.dagbag.DagBag","filename":"dagbag.py","lineno":593}
{"timestamp":"2026-04-30T19:22:38.538622Z","level":"info","event":"Filling up the DagBag from /opt/airflow/dags/utils.py","logger":"airflow.models.dagbag.DagBag","filename":"dagbag.py","lineno":593}
{"timestamp":"2026-04-30T19:31:13.991331Z","level":"info","event":"Filling up the DagBag from /opt/airflow/dags/utils.py","logger":"airflow.models.dagbag.DagBag","filename":"dagbag.py","lineno":593}
{"timestamp":"2026-04-30T19:31:47.576617Z","level":"info","event":"Filling up the DagBag from /opt/airflow/dags/utils.py","logger":"airflow.models.dagbag.DagBag","filename":"dagbag.py","lineno":593}
{"timestamp":"2026-04-30T19:32:18.792154Z","level":"info","event":"Filling up the DagBag from /opt/airflow/dags/utils.py","logger":"airflow.models.dagbag.DagBag","filename":"dagbag.py","lineno":593}
{"timestamp":"2026-04-30T19:32:50.133220Z","level":"info","event":"Filling up the DagBag from /opt/airflow/dags/utils.py","logger":"airflow.models.dagbag.DagBag","filename":"dagbag.py","lineno":593}
{"timestamp":"2026-04-30T19:33:20.935924Z","level":"info","event":"Filling up the DagBag from /opt/airflow/dags/utils.py","logger":"airflow.models.dagbag.DagBag","filename":"dagbag.py","lineno":593}
{"timestamp":"2026-04-30T19:33:52.258483Z","level":"info","event":"Filling up the DagBag from /opt/airflow/dags/utils.py","logger":"airflow.models.dagbag.DagBag","filename":"dagbag.py","lineno":593}
{"timestamp":"2026-04-30T19:34:23.181733Z","level":"info","event":"Filling up the DagBag from /opt/airflow/dags/utils.py","logger":"airflow.models.dagbag.DagBag","filename":"dagbag.py","lineno":593}
{"timestamp":"2026-04-30T19:34:54.633099Z","level":"info","event":"Filling up the DagBag from /opt/airflow/dags/utils.py","logger":"airflow.models.dagbag.DagBag","filename":"dagbag.py","lineno":593}
{"timestamp":"2026-04-30T19:35:30.396626Z","level":"info","event":"Filling up the DagBag from /opt/airflow/dags/utils.py","logger":"airflow.models.dagbag.DagBag","filename":"dagbag.py","lineno":593}
{"timestamp":"2026-04-30T19:36:00.484086Z","level":"error","event":"Process timed out, PID: 436","logger":"airflow.models.dagbag","filename":"dagbag.py","lineno":134}
{"timestamp":"2026-04-30T19:36:00.502412Z","level":"error","event":"Exception ignored in: <function WeakSet.__init__.<locals>._remove at 0xffff921c58a0>","logger":"task.stderr"}
{"timestamp":"2026-04-30T19:36:00.503044Z","level":"error","event":"Traceback (most recent call last):","logger":"task.stderr"}
{"timestamp":"2026-04-30T19:36:00.504827Z","level":"error","event":"  File \"/usr/python/lib/python3.12/_weakrefset.py\", line 39, in _remove","logger":"task.stderr"}
{"timestamp":"2026-04-30T19:36:00.506131Z","level":"error","event":"    def _remove(item, selfref=ref(self)):","logger":"task.stderr"}
{"timestamp":"2026-04-30T19:36:00.508208Z","level":"error","event":"","logger":"task.stderr"}
{"timestamp":"2026-04-30T19:36:00.510643Z","level":"error","event":"  File \"/home/airflow/.local/lib/python3.12/site-packages/airflow/models/dagbag.py\", line 135, in handle_timeout","logger":"task.stderr"}
{"timestamp":"2026-04-30T19:36:00.511197Z","level":"error","event":"    raise AirflowTaskTimeout(error_message)","logger":"task.stderr"}
{"timestamp":"2026-04-30T19:36:00.514677Z","level":"error","event":"airflow.exceptions.AirflowTaskTimeout: DagBag import timeout for /opt/airflow/dags/utils.py after 30.0s.","logger":"task.stderr"}
{"timestamp":"2026-04-30T19:36:00.517419Z","level":"error","event":"Please take a look at these docs to improve your DAG import time:","logger":"task.stderr"}
{"timestamp":"2026-04-30T19:36:00.520235Z","level":"error","event":"* https://airflow.apache.org/docs/apache-airflow/3.1.3/best-practices.html#top-level-python-code","logger":"task.stderr"}
{"timestamp":"2026-04-30T19:36:00.522416Z","level":"error","event":"* https://airflow.apache.org/docs/apache-airflow/3.1.3/best-practices.html#reducing-dag-complexity, PID: 436","logger":"task.stderr"}
{"timestamp":"2026-04-30T19:36:33.066653Z","level":"info","event":"Filling up the DagBag from /opt/airflow/dags/utils.py","logger":"airflow.models.dagbag.DagBag","filename":"dagbag.py","lineno":593}
{"timestamp":"2026-04-30T19:37:10.906920Z","level":"error","event":"Process timed out, PID: 480","logger":"airflow.models.dagbag","filename":"dagbag.py","lineno":134}
{"timestamp":"2026-04-30T19:37:12.117582Z","level":"error","event":"Failed to import: /opt/airflow/dags/utils.py","logger":"airflow.models.dagbag.DagBag","filename":"dagbag.py","lineno":415,"error_detail":[{"exc_type":"AirflowTaskTimeout","exc_value":"DagBag import timeout for /opt/airflow/dags/utils.py after 30.0s.\nPlease take a look at these docs to improve your DAG import time:\n* https://airflow.apache.org/docs/apache-airflow/3.1.3/best-practices.html#top-level-python-code\n* https://airflow.apache.org/docs/apache-airflow/3.1.3/best-practices.html#reducing-dag-complexity, PID: 480","exc_notes":[],"syntax_error":null,"is_cause":false,"frames":[{"filename":"/home/airflow/.local/lib/python3.12/site-packages/airflow/models/dagbag.py","lineno":405,"name":"parse"},{"filename":"<frozen importlib._bootstrap_external>","lineno":999,"name":"exec_module"},{"filename":"<frozen importlib._bootstrap>","lineno":488,"name":"_call_with_frames_removed"},{"filename":"/opt/airflow/dags/utils.py","lineno":6,"name":"<module>"},{"filename":"/home/airflow/.local/lib/python3.12/site-packages/pymongo/__init__.py","lineno":91,"name":"<module>"},{"filename":"/home/airflow/.local/lib/python3.12/site-packages/pymongo/asynchronous/mongo_client.py","lineno":63,"name":"<module>"},{"filename":"/home/airflow/.local/lib/python3.12/site-packages/bson/__init__.py","lineno":129,"name":"<module>"},{"filename":"/home/airflow/.local/lib/python3.12/site-packages/bson/dbref.py","lineno":21,"name":"<module>"},{"filename":"<frozen importlib._bootstrap>","lineno":1349,"name":"_find_and_load"},{"filename":"/home/airflow/.local/lib/python3.12/site-packages/airflow/models/dagbag.py","lineno":135,"name":"handle_timeout"}],"is_group":false,"exceptions":[]}]}
